<?xml version="1.0" encoding="UTF-8"?>
<!-- Generated by org.testng.reporters.JUnitXMLReporter -->
<testsuite hostname="logesh" ignored="0" name="Free CRM Test" tests="6" failures="0" timestamp="09 Jan 2019 06:30:18 GMT" time="491.702" errors="0">
  <testcase name="validateLoginPageTitleTest" time="0.311" classname="com.crm.qa.testcases.LoginPageTest"/>
  <testcase name="validateCRMlogoTest" time="8.91" classname="com.crm.qa.testcases.LoginPageTest"/>
  <testcase name="LoginTest" time="25.06" classname="com.crm.qa.testcases.LoginPageTest"/>
  <testcase name="validateHomePageTitleTest" time="0.009" classname="com.crm.qa.testcases.HomePageTest"/>
  <testcase name="validateUserNameTest" time="0.056" classname="com.crm.qa.testcases.HomePageTest"/>
  <testcase name="verifyContactsLinkTest" time="2.421" classname="com.crm.qa.testcases.HomePageTest"/>
</testsuite> <!-- Free CRM Test -->
